2023-05-23 11:05:764 INFO  BankManagerLoginPage :24 - Clicking On Bank Manager Login Button : [[ChromeDriver: chrome on WINDOWS (a2f91e85b8234bbb30ec4386c30b685a)] -> xpath: //button[normalize-space()='Bank Manager Login']]
2023-05-23 11:05:15 INFO  AddCustomerPage :44 - Clicking On Add Customer Button : [[ChromeDriver: chrome on WINDOWS (a2f91e85b8234bbb30ec4386c30b685a)] -> xpath: //button[normalize-space()='Add Customer']]
2023-05-23 11:05:313 INFO  AddCustomerPage :49 - Entering First Name Into First Name Filed : [[ChromeDriver: chrome on WINDOWS (a2f91e85b8234bbb30ec4386c30b685a)] -> xpath: //input[@placeholder='First Name']]
2023-05-23 11:05:393 INFO  AddCustomerPage :54 - Entering Last Name Into Last Name Field : [[ChromeDriver: chrome on WINDOWS (a2f91e85b8234bbb30ec4386c30b685a)] -> xpath: //input[@placeholder='Last Name']]
2023-05-23 11:05:489 INFO  AddCustomerPage :59 - Entering Postcode Into Postcode Field : [[ChromeDriver: chrome on WINDOWS (a2f91e85b8234bbb30ec4386c30b685a)] -> xpath: //input[@placeholder='Post Code']]
2023-05-23 11:05:562 INFO  AddCustomerPage :64 - Clicking On Add Customer Button : [[ChromeDriver: chrome on WINDOWS (a2f91e85b8234bbb30ec4386c30b685a)] -> xpath: //button[@type='submit']]
2023-05-23 11:05:598 INFO  BankManagerLoginPage :24 - Clicking On Bank Manager Login Button : [[ChromeDriver: chrome on WINDOWS (94ce2d7d9e1913df677d9ba738c5590d)] -> xpath: //button[normalize-space()='Bank Manager Login']]
2023-05-23 11:05:850 INFO  OpenAccountPage :41 - Clicking On Open An Account Button : [[ChromeDriver: chrome on WINDOWS (94ce2d7d9e1913df677d9ba738c5590d)] -> xpath: //button[normalize-space()='Open Account']]
2023-05-23 11:05:115 INFO  OpenAccountPage :47 - Clicking On The Customer Name Drop Down : [[ChromeDriver: chrome on WINDOWS (94ce2d7d9e1913df677d9ba738c5590d)] -> css selector: #userSelect]
2023-05-23 11:05:211 INFO  OpenAccountPage :49 - Selecting Customer Name From The Drop Down : [[ChromeDriver: chrome on WINDOWS (94ce2d7d9e1913df677d9ba738c5590d)] -> css selector: #userSelect]
2023-05-23 11:05:438 INFO  OpenAccountPage :55 - Clicking On The Currency Drop Down : [[ChromeDriver: chrome on WINDOWS (94ce2d7d9e1913df677d9ba738c5590d)] -> xpath: //select[@id='currency']]
2023-05-23 11:05:525 INFO  OpenAccountPage :57 - Selecting The Desired Currency From Currency Drop Down : [[ChromeDriver: chrome on WINDOWS (94ce2d7d9e1913df677d9ba738c5590d)] -> xpath: //select[@id='currency']]
2023-05-23 11:05:603 INFO  OpenAccountPage :62 - Clicking On The Process Button : [[ChromeDriver: chrome on WINDOWS (94ce2d7d9e1913df677d9ba738c5590d)] -> xpath: //button[@type='submit']]
2023-05-23 11:05:753 INFO  CustomerLoginPage :44 - Clicking On Customer Login Button : [[ChromeDriver: chrome on WINDOWS (0916ae7b614033676f3840cfa3d0ec35)] -> xpath: //button[@type='submit']]
2023-05-23 11:05:821 INFO  CustomerLoginPage :50 - Clicking On Customer Name Selection Drop Down : [[ChromeDriver: chrome on WINDOWS (0916ae7b614033676f3840cfa3d0ec35)] -> xpath: //select[@id='userSelect']]
2023-05-23 11:05:913 INFO  CustomerLoginPage :52 - Selecting Customer Name From The Drop Down : [[ChromeDriver: chrome on WINDOWS (0916ae7b614033676f3840cfa3d0ec35)] -> xpath: //select[@id='userSelect']]
2023-05-23 11:05:993 INFO  CustomerLoginPage :57 - Clicking On Login Button : [[ChromeDriver: chrome on WINDOWS (0916ae7b614033676f3840cfa3d0ec35)] -> xpath: //button[@type='submit']]
2023-05-23 11:05:210 INFO  CustomerLoginPage :62 - Verifying Whether The Logout Tab Is Displayed Or Not : 
2023-05-23 11:05:255 INFO  CustomerLoginPage :68 - Clicking On Logout Tab : [[ChromeDriver: chrome on WINDOWS (0916ae7b614033676f3840cfa3d0ec35)] -> xpath: //button[@class='btn logout']]
2023-05-23 11:05:285 INFO  CustomerLoginPage :44 - Clicking On Customer Login Button : [[ChromeDriver: chrome on WINDOWS (1f3e66e08d3229daba75f4c42a547d4f)] -> xpath: //button[@type='submit']]
2023-05-23 11:05:361 INFO  CustomerLoginPage :50 - Clicking On Customer Name Selection Drop Down : [[ChromeDriver: chrome on WINDOWS (1f3e66e08d3229daba75f4c42a547d4f)] -> xpath: //select[@id='userSelect']]
2023-05-23 11:05:498 INFO  CustomerLoginPage :52 - Selecting Customer Name From The Drop Down : [[ChromeDriver: chrome on WINDOWS (1f3e66e08d3229daba75f4c42a547d4f)] -> xpath: //select[@id='userSelect']]
2023-05-23 11:05:568 INFO  CustomerLoginPage :57 - Clicking On Login Button : [[ChromeDriver: chrome on WINDOWS (1f3e66e08d3229daba75f4c42a547d4f)] -> xpath: //button[@type='submit']]
2023-05-23 11:05:876 INFO  AccountPage :48 - Clicking On Deposit Button : [[ChromeDriver: chrome on WINDOWS (1f3e66e08d3229daba75f4c42a547d4f)] -> xpath: //button[normalize-space()='Deposit']]
2023-05-23 11:05:149 INFO  AccountPage :53 - Entering The Amount Into Amount Field : [[ChromeDriver: chrome on WINDOWS (1f3e66e08d3229daba75f4c42a547d4f)] -> xpath: //input[@placeholder='amount']]
2023-05-23 11:05:201 INFO  AccountPage :58 - Clicking On Deposit Button : [[ChromeDriver: chrome on WINDOWS (1f3e66e08d3229daba75f4c42a547d4f)] -> xpath: //button[@type='submit']]
2023-05-23 11:05:225 INFO  CustomerLoginPage :44 - Clicking On Customer Login Button : [[ChromeDriver: chrome on WINDOWS (39d2d5f73e09f5b6a2b0380be4fdf821)] -> xpath: //button[@type='submit']]
2023-05-23 11:05:364 INFO  CustomerLoginPage :50 - Clicking On Customer Name Selection Drop Down : [[ChromeDriver: chrome on WINDOWS (39d2d5f73e09f5b6a2b0380be4fdf821)] -> xpath: //select[@id='userSelect']]
2023-05-23 11:05:450 INFO  CustomerLoginPage :52 - Selecting Customer Name From The Drop Down : [[ChromeDriver: chrome on WINDOWS (39d2d5f73e09f5b6a2b0380be4fdf821)] -> xpath: //select[@id='userSelect']]
2023-05-23 11:05:612 INFO  CustomerLoginPage :57 - Clicking On Login Button : [[ChromeDriver: chrome on WINDOWS (39d2d5f73e09f5b6a2b0380be4fdf821)] -> xpath: //button[@type='submit']]
2023-05-23 11:05:924 INFO  AccountPage :63 - Clicking On Withdraw Button : [[ChromeDriver: chrome on WINDOWS (39d2d5f73e09f5b6a2b0380be4fdf821)] -> xpath: //button[@type='submit']]
2023-05-23 11:05:06 INFO  AccountPage :53 - Entering The Amount Into Amount Field : [[ChromeDriver: chrome on WINDOWS (39d2d5f73e09f5b6a2b0380be4fdf821)] -> xpath: //input[@placeholder='amount']]
2023-05-23 11:05:66 INFO  AccountPage :73 - Clicking On Withdraw Button : [[ChromeDriver: chrome on WINDOWS (39d2d5f73e09f5b6a2b0380be4fdf821)] -> xpath: //button[@type='submit']]
2023-05-23 11:05:903 INFO  BankManagerLoginPage :24 - Clicking On Bank Manager Login Button : [[ChromeDriver: chrome on WINDOWS (dcac07f19cce6c1c50667243f63544f2)] -> xpath: //button[normalize-space()='Bank Manager Login']]
2023-05-23 11:05:220 INFO  AddCustomerPage :44 - Clicking On Add Customer Button : [[ChromeDriver: chrome on WINDOWS (dcac07f19cce6c1c50667243f63544f2)] -> xpath: //button[normalize-space()='Add Customer']]
2023-05-23 11:05:518 INFO  AddCustomerPage :49 - Entering First Name Into First Name Filed : [[ChromeDriver: chrome on WINDOWS (dcac07f19cce6c1c50667243f63544f2)] -> xpath: //input[@placeholder='First Name']]
2023-05-23 11:05:604 INFO  AddCustomerPage :54 - Entering Last Name Into Last Name Field : [[ChromeDriver: chrome on WINDOWS (dcac07f19cce6c1c50667243f63544f2)] -> xpath: //input[@placeholder='Last Name']]
2023-05-23 11:05:693 INFO  AddCustomerPage :59 - Entering Postcode Into Postcode Field : [[ChromeDriver: chrome on WINDOWS (dcac07f19cce6c1c50667243f63544f2)] -> xpath: //input[@placeholder='Post Code']]
2023-05-23 11:05:757 INFO  AddCustomerPage :64 - Clicking On Add Customer Button : [[ChromeDriver: chrome on WINDOWS (dcac07f19cce6c1c50667243f63544f2)] -> xpath: //button[@type='submit']]
2023-05-23 11:05:614 INFO  BankManagerLoginPage :24 - Clicking On Bank Manager Login Button : [[ChromeDriver: chrome on WINDOWS (1ae1a1065ceb150b67196cfa98d80466)] -> xpath: //button[normalize-space()='Bank Manager Login']]
2023-05-23 11:05:924 INFO  OpenAccountPage :41 - Clicking On Open An Account Button : [[ChromeDriver: chrome on WINDOWS (1ae1a1065ceb150b67196cfa98d80466)] -> xpath: //button[normalize-space()='Open Account']]
2023-05-23 11:05:188 INFO  OpenAccountPage :47 - Clicking On The Customer Name Drop Down : [[ChromeDriver: chrome on WINDOWS (1ae1a1065ceb150b67196cfa98d80466)] -> css selector: #userSelect]
2023-05-23 11:05:300 INFO  OpenAccountPage :49 - Selecting Customer Name From The Drop Down : [[ChromeDriver: chrome on WINDOWS (1ae1a1065ceb150b67196cfa98d80466)] -> css selector: #userSelect]
2023-05-23 11:05:402 INFO  OpenAccountPage :55 - Clicking On The Currency Drop Down : [[ChromeDriver: chrome on WINDOWS (1ae1a1065ceb150b67196cfa98d80466)] -> xpath: //select[@id='currency']]
2023-05-23 11:05:481 INFO  OpenAccountPage :57 - Selecting The Desired Currency From Currency Drop Down : [[ChromeDriver: chrome on WINDOWS (1ae1a1065ceb150b67196cfa98d80466)] -> xpath: //select[@id='currency']]
2023-05-23 11:05:541 INFO  OpenAccountPage :62 - Clicking On The Process Button : [[ChromeDriver: chrome on WINDOWS (1ae1a1065ceb150b67196cfa98d80466)] -> xpath: //button[@type='submit']]
2023-05-23 11:05:229 INFO  CustomerLoginPage :44 - Clicking On Customer Login Button : [[ChromeDriver: chrome on WINDOWS (702d86cc65046a4f9f0e41c3131f8cf7)] -> xpath: //button[@type='submit']]
2023-05-23 11:05:305 INFO  CustomerLoginPage :50 - Clicking On Customer Name Selection Drop Down : [[ChromeDriver: chrome on WINDOWS (702d86cc65046a4f9f0e41c3131f8cf7)] -> xpath: //select[@id='userSelect']]
2023-05-23 11:05:423 INFO  CustomerLoginPage :52 - Selecting Customer Name From The Drop Down : [[ChromeDriver: chrome on WINDOWS (702d86cc65046a4f9f0e41c3131f8cf7)] -> xpath: //select[@id='userSelect']]
2023-05-23 11:05:515 INFO  CustomerLoginPage :57 - Clicking On Login Button : [[ChromeDriver: chrome on WINDOWS (702d86cc65046a4f9f0e41c3131f8cf7)] -> xpath: //button[@type='submit']]
2023-05-23 11:05:695 INFO  CustomerLoginPage :62 - Verifying Whether The Logout Tab Is Displayed Or Not : 
2023-05-23 11:05:743 INFO  CustomerLoginPage :68 - Clicking On Logout Tab : [[ChromeDriver: chrome on WINDOWS (702d86cc65046a4f9f0e41c3131f8cf7)] -> xpath: //button[@class='btn logout']]
2023-05-23 11:05:782 INFO  CustomerLoginPage :44 - Clicking On Customer Login Button : [[ChromeDriver: chrome on WINDOWS (2cd89c6bc704f3fb7bf2a675fa10f7c3)] -> xpath: //button[@type='submit']]
2023-05-23 11:05:852 INFO  CustomerLoginPage :50 - Clicking On Customer Name Selection Drop Down : [[ChromeDriver: chrome on WINDOWS (2cd89c6bc704f3fb7bf2a675fa10f7c3)] -> xpath: //select[@id='userSelect']]
2023-05-23 11:05:942 INFO  CustomerLoginPage :52 - Selecting Customer Name From The Drop Down : [[ChromeDriver: chrome on WINDOWS (2cd89c6bc704f3fb7bf2a675fa10f7c3)] -> xpath: //select[@id='userSelect']]
2023-05-23 11:05:14 INFO  CustomerLoginPage :57 - Clicking On Login Button : [[ChromeDriver: chrome on WINDOWS (2cd89c6bc704f3fb7bf2a675fa10f7c3)] -> xpath: //button[@type='submit']]
2023-05-23 11:05:216 INFO  AccountPage :48 - Clicking On Deposit Button : [[ChromeDriver: chrome on WINDOWS (2cd89c6bc704f3fb7bf2a675fa10f7c3)] -> xpath: //button[normalize-space()='Deposit']]
2023-05-23 11:05:482 INFO  AccountPage :53 - Entering The Amount Into Amount Field : [[ChromeDriver: chrome on WINDOWS (2cd89c6bc704f3fb7bf2a675fa10f7c3)] -> xpath: //input[@placeholder='amount']]
2023-05-23 11:05:534 INFO  AccountPage :58 - Clicking On Deposit Button : [[ChromeDriver: chrome on WINDOWS (2cd89c6bc704f3fb7bf2a675fa10f7c3)] -> xpath: //button[@type='submit']]
